HRS
%4#
NDYQ
,$61
*N=YA
@,+6-
H=PEA
%+03-
**=LIZZZS
@@+)8~~~#
T*OIZDY
5@98~$6
<TLEZ
>5)3~
<TTZ
>55~
*R
@4
NDYQ
,$61
*N=YA
@,+6-
H=PA
%+0-
==VZSSA
++;~##-
T*OIZDY
5@98~$6
TOLEZQ
59)3~1
<TZ
>5~
ORRCQ
944:1
<QQQ
>111
<XJ
>/,
HRS
%4#
NDYQ
,$61
*N=YA
@,+6-
H=PEA
%+03-
**=LIZZZS
@@+)8~~~#
T*OIZDY
5@98~$6
<TLEZ
>5)3~
<TTZ
>55~
*R
@4
NDYQ
,$61
*N=YA
@,+6-
H=PA
%+0-
==VZSSA
++;~##-
T*OIZDY
5@98~$6
TOLEZQ
59)3~1
<TZ
>5~
ORRCQ
944:1
<QQQ
>111
<XJ
>/,
HL
%)
TRXK
54/(
HRS
%4#
NDYQ
,$61
*N=YA
@,+6-
H=PEA
%+03-
**=LIZZZS
@@+)8~~~#
T*OIZDY
5@98~$6
<TLEZ
>5)3~
<TTZ
>55~
*R
@4
NDYQ
,$61
*N=YA
@,+6-
H=PA
%+0-
==VZSSA
++;~##-
T*OIZDY
5@98~$6
TOLEZQ
59)3~1
<TZ
>5~
ORRCQ
944:1
<QQQ
>111
<XJ
>/,
HRS
%4#
NDYQ
,$61
*N=YA
@,+6-
H=PEA
%+03-
T* NLGISQ
5@ ,)&8#1
*ONNSAW
@9,,#-2
<TLEZ
>5)3~
<TTZ
>55~
*R
@4
NDYQ
,$61
*N=YA
@,+6-
H=PA
%+0-
==VZSSA
++;~##-
T*OIZDY
5@98~$6
TOLEZQ
59)3~1
<TZ
>5~
ORRCQ
944:1
<QQQ
>111
<XJ
>/,
HL
%)
TRXK
54/(
HRS
%4#
NDYQ
,$61
*N=YA
@,+6-
H=PEA
%+03-
**=LIZZZS
@@+)8~~~#
T*OIY
5@986
<TLEZ
>5)3~
<TTZ
>55~
*R
@4
NDYQ
,$61
*N=YA
@,+6-
H=PA
%+0-
==VZSSA
++;~##-
T*OIZDY
5@98~$6
TOLEZQ
59)3~1
<TZ
>5~
ORRCQ
944:1
<QQQ
>111
<XJ
>/,
HRS
%4#
NDYQ
,$61
*N=YA
@,+6-
H=PEA
%+03-
**=LIZZZS
@@+)8~~~#
T*OIZDY
5@98~$6
<TLEZ
>5)3~
<TTZ
>55~
*R
@4
NDYQ
,$61
*N=YA
@,+6-
H=PA
%+0-
==VZSSA
++;~##-
T*OIZDY
5@98~$6
TOLEZQ
59)3~1
<TZ
>5~
ORRCQ
944:1
<QQQ
>111
<XJ
>/,
HL
%)
TRXK
54/(
HRS
%4#
NDYQ
,$61
*N=YA
@,+6-
H=PEA
%+03-
**=LIZZZS
@@+)8~~~#
T*OIZDY
5@98~$6
<TLEZ
>5)3~
<TTZ
>55~
*R
@4
NDYQ
,$61
*NSSA
@,##-
H=PA
%+0-
*OH=ZS
@9%+~#
*ONNYW
@9,,62
TOLEZQ
59)3~1
<TZ
>5~
T=CQ
5+:1
<QQQ
>111
<XJ
>/,
HRS
%4#
NDYQ
,$61
T*NW
5@,2
H=PEA
%+03-
*LVZS
@);~#
T*ONZBY
5@9,~?6
<TEE
>533
<TTZ
>55~
*R
@4
NDYQ
,$61
*N=YA
@,+6-
H=PA
%+0-
==ZZSSA
++~~##-
*ONNEW
@9,,32
TOHHQ
59%%1
<TZ
>5~
ORRCQ
944:1
<QQQ
>111
<XJ
>/,
HL
%)
TRXK
54/(
HRS
%4#
NDYQ
,$61
*N=YA
@,+6-
H=PEA
%+03-
**=LIZZZS
@@+)8~~~#
T*OIZDY
5@98~$6
<TLEZ
>5)3~
<TTZ
>55~
*R
@4
NDYQ
,$61
*N=YA
@,+6-
H=PA
%+0-
==VZSSA
++;~##-
T*OIZDY
5@98~$6
TOLEZQ
59)3~1
<TZ
>5~
ORRCQ
944:1
<QQQ
>111
<XJ
>/,
HRS
%4#
NDYQ
,$61
*N=YA
@,+6-
H=PEA
%+03-
**=LIZZZS
@@+)8~~~#
T*OIZDY
5@98~$6
<TLEZ
>5)3~
<TTZ
>55~
*R
@4
NDYQ
,$61
*N=YA
@,+6-
H=PA
%+0-
==VZSSA
++;~##-
T*OIZDY
5@98~$6
TOLEZQ
59)3~1
<TZ
>5~
ORRCQ
944:1
<QQQ
>111
<XJ
>/,
HL
%)
TRXK
54/(
HRS
%4#
NDYQ
,$61
*N=YA
@,+6-
H=PEA
%+03-
**=LIZZZS
@@+)8~~~#
T*OIZDY
5@98~$6
<TLEZ
>5)3~
<TTZ
>55~
*R
@4
NDYQ
,$61
*N=YA
@,+6-
H=PA
%+0-
==VZSSA
++;~##-
T*OIZDY
5@98~$6
TOLEZQ
59)3~1
<TZ
>5~
ORRCQ
944:1
<QQQ
>111
<XJ
>/,
HRS
%4#
NDYQ
,$61
*N=YA
@,+6-
H=PEA
%+03-
T* NLGISQ
5@ ,)&8#1
*ONNSAW
@9,,#-2
<TLEZ
>5)3~
<TTZ
>55~
*R
@4
NDYQ
,$61
*N=YA
@,+6-
H=PA
%+0-
==VZSSA
++;~##-
T*OIZDY
5@98~$6
TOLEZQ
59)3~1
<TZ
>5~
ORRCQ
944:1
<QQQ
>111
<XJ
>/,
HL
%)
TRXK
54/(
HRS
%4#
NDYQ
,$61
*N=YA
@,+6-
H=PEA
%+03-
**=LIZZZS
@@+)8~~~#
T*OIY
5@986
<TLEZ
>5)3~
<TTZ
>55~
*R
@4
NDYQ
,$61
*N=YA
@,+6-
H=PA
%+0-
==VZSSA
++;~##-
T*OIZDY
5@98~$6
TOLEZQ
59)3~1
<TZ
>5~
ORRCQ
944:1
<QQQ
>111
<XJ
>/,
HRS
%4#
NDYQ
,$61
*N=YA
@,+6-
H=PEA
%+03-
**=LIZZZS
@@+)8~~~#
T*OIZDY
5@98~$6
<TLEZ
>5)3~
<TTZ
>55~
*R
@4
NDYQ
,$61
*N=YA
@,+6-
H=PA
%+0-
==VZSSA
++;~##-
T*OIZDY
5@98~$6
TOLEZQ
59)3~1
<TZ
>5~
ORRCQ
944:1
<QQQ
>111
<XJ
>/,
HL
%)
TRXK
54/(
HRS
%4#
NDYQ
,$61
*N=YA
@,+6-
H=PEA
%+03-
**=LIZZZS
@@+)8~~~#
T*OIZDY
5@98~$6
<TLEZ
>5)3~
<TTZ
>55~
*R
@4
NDYQ
,$61
*NSSA
@,##-
H=PA
%+0-
*OH=ZS
@9%+~#
*ONNYW
@9,,62
TOLEZQ
59)3~1
<TZ
>5~
T=CQ
5+:1
<QQQ
>111
<XJ
>/,
HRS
%4#
NDYQ
,$61
T*NW
5@,2
H=PEA
%+03-
*LVZS
@);~#
T*ONZBY
5@9,~?6
<TEE
>533
<TTZ
>55~
*R
@4
NDYQ
,$61
*N=YA
@,+6-
H=PA
%+0-
==ZZSSA
++~~##-
*ONNEW
@9,,32
TOHHQ
59%%1
<TZ
>5~
ORRCQ
944:1
<QQQ
>111
<XJ
>/,
HL
%)
TRXK
54/(
HRS
%4#
NDYQ
,$61
*N=YA
@,+6-
H=PEA
%+03-
**=LIZZZS
@@+)8~~~#
T*OIZDY
5@98~$6
<TLEZ
>5)3~
<TTZ
>55~
*R
@4
NDYQ
,$61
*N=YA
@,+6-
H=PA
%+0-
==VZSSA
++;~##-
T*OIZDY
5@98~$6
TOLEZQ
59)3~1
<TZ
>5~
ORRCQ
944:1
<QQQ
>111
<XJ
>/,
HRS
%4#
NDYQ
,$61
*N=YA
@,+6-
H=PEA
%+03-
**=LIZZZS
@@+)8~~~#
T*OIZDY
5@98~$6
<TLEZ
>5)3~
<TTZ
>55~
*R
@4
NDYQ
,$61
*N=YA
@,+6-
H=PA
%+0-
==VZSSA
++;~##-
T*OIZDY
5@98~$6
TOLEZQ
59)3~1
<TZ
>5~
ORRCQ
944:1
<QQQ
>111
<XJ
>/,
HL
%)
TRXK
54/(
HRS
%4#
NDYQ
,$61
*N=YA
@,+6-
H=PEA
%+03-
**=LIZZZS
@@+)8~~~#
T*OIZDY
5@98~$6
<TLEZ
>5)3~
<TTZ
>55~
*R
@4
NDYQ
,$61
*N=YA
@,+6-
H=PA
%+0-
==VZSSA
++;~##-
T*OIZDY
5@98~$6
TOLEZQ
59)3~1
<TZ
>5~
ORRCQ
944:1
<QQQ
>111
<XJ
>/,
HRS
%4#
NDYQ
,$61
*N=YA
@,+6-
H=PEA
%+03-
T* NLGISQ
5@ ,)&8#1
*ONNSAW
@9,,#-2
<TLEZ
>5)3~
<TTZ
>55~
*R
@4
NDYQ
,$61
*N=YA
@,+6-
H=PA
%+0-
==VZSSA
++;~##-
T*OIZDY
5@98~$6
TOLEZQ
59)3~1
<TZ
>5~
ORRCQ
944:1
<QQQ
>111
<XJ
>/,
HL
%)
TRXK
54/(
HRS
%4#
NDYQ
,$61
*N=YA
@,+6-
H=PEA
%+03-
**=LIZZZS
@@+)8~~~#
T*OIY
5@986
<TLEZ
>5)3~
<TTZ
>55~
*R
@4
NDYQ
,$61
*N=YA
@,+6-
H=PA
%+0-
==VZSSA
++;~##-
T*OIZDY
5@98~$6
TOLEZQ
59)3~1
<TZ
>5~
ORRCQ
944:1
<QQQ
>111
<XJ
>/,
HRS
%4#
NDYQ
,$61
*N=YA
@,+6-
H=PEA
%+03-
**=LIZZZS
@@+)8~~~#
T*OIZDY
5@98~$6
<TLEZ
>5)3~
<TTZ
>55~
*R
@4
NDYQ
,$61
*N=YA
@,+6-
H=PA
%+0-
==VZSSA
++;~##-
T*OIZDY
5@98~$6
TOLEZQ
59)3~1
<TZ
>5~
ORRCQ
944:1
<QQQ
>111
<XJ
>/,
HL
%)
TRXK
54/(
HRS
%4#
NDYQ
,$61
*N=YA
@,+6-
H=PEA
%+03-
**=LIZZZS
@@+)8~~~#
T*OIZDY
5@98~$6
<TLEZ
>5)3~
<TTZ
>55~
*R
@4
NDYQ
,$61
*NSSA
@,##-
H=PA
%+0-
*OH=ZS
@9%+~#
*ONNYW
@9,,62
TOLEZQ
59)3~1
<TZ
>5~
T=CQ
5+:1
<QQQ
>111
<XJ
>/,
HRS
%4#
NDYQ
,$61
T*NW
5@,2
H=PEA
%+03-
*LVZS
@);~#
T*ONZBY
5@9,~?6
<TEE
>533
<TTZ
>55~
*R
@4
NDYQ
,$61
*N=YA
@,+6-
H=PA
%+0-
==ZZSSA
++~~##-
*ONNEW
@9,,32
TOHHQ
59%%1
<TZ
>5~
ORRCQ
944:1
<QQQ
>111
<XJ
>/,
HL
%)
TRXK
54/(
<QQQ
>111
<XJ
>/,
HRS
%4#
NDYQ
,$61
T*NW
5@,2
H=PEA
%+03-
*LVZS
@);~#
T*ONZBY
5@9,~?6
<TEE
>533
<TTZ
>55~
*R
@4
NDYQ
,$61
*N=YA
@,+6-
H=PA
%+0-
==ZZSSA
++~~##-
*ONNEW
@9,,32
TOHHQ
59%%1
<TZ
>5~
ORRCQ
944:1
ORRCQ
944:1
